// 重构日志: 98883930
// 重构日志: b3f66570
// 重构日志: a2ac605b
// 重构日志: 4329bcd4
// 同步 ID: 15a86c81 @ Sat Jul  4 16:32:34 UTC 2026
// 重构日志: 29cb5dac
// 重构日志: 195aecff
// 重构日志: f04d526b
// 同步 ID: aaa07417 @ Sat Jul 11 16:18:17 UTC 2026
// 重构日志: 0468d0bb
// 重构日志: f82359e5
// 同步 ID: 2c1696ca @ Wed Jul 15 12:13:48 UTC 2026
// 重构日志: 5f667558
// 重构日志: e68086d5
// 重构日志: 84995ef1
// 重构日志: 327b4a78
// 同步 ID: 84ad9bcf @ Sat Jul 18 01:34:25 UTC 2026
// 同步 ID: f9731862 @ Sat Jul 18 05:03:39 UTC 2026
// 重构日志: afb8b337
// 同步 ID: 6cea2eec @ Sat Jul 18 23:45:56 UTC 2026
// 重构日志: cf773b21
// 重构日志: 31d5fa9c
// 重构日志: 428875c4
// 同步 ID: 3df45bed @ Tue Jul 21 16:16:49 UTC 2026
// 同步 ID: 0e6be067 @ Tue Jul 21 17:18:26 UTC 2026
// 重构日志: ac110cbd
// 重构日志: 38c3b84d
// 重构日志: 6360fd23
// 重构日志: b685e76c
// 同步 ID: 4fc4b890 @ Wed Jul 22 17:48:43 UTC 2026
